Flow report for VGA_controller
Tue Nov 23 18:19:34 2021
Quartus Prime Version 17.1.0 Build 590 10/25/2017 SJ Lite Edition


---------------------
; Table of Contents ;
---------------------
  1. Legal Notice
  2. Flow Summary
  3. Flow Settings
  4. Flow Non-Default Global Settings
  5. Flow Elapsed Time
  6. Flow OS Summary
  7. Flow Log
  8. Flow Messages
  9. Flow Suppressed Messages



----------------
; Legal Notice ;
----------------
Copyright (C) 2017  Intel Corporation. All rights reserved.
Your use of Intel Corporation's design tools, logic functions 
and other software and tools, and its AMPP partner logic 
functions, and any output files from any of the foregoing 
(including device programming or simulation files), and any 
associated documentation or information are expressly subject 
to the terms and conditions of the Intel Program License 
Subscription Agreement, the Intel Quartus Prime License Agreement,
the Intel FPGA IP License Agreement, or other applicable license
agreement, including, without limitation, that your use is for
the sole purpose of programming logic devices manufactured by
Intel and sold by Intel or its authorized distributors.  Please
refer to the applicable agreement for further details.



+----------------------------------------------------------------------------------+
; Flow Summary                                                                     ;
+------------------------------------+---------------------------------------------+
; Flow Status                        ; Successful - Tue Nov 23 18:19:34 2021       ;
; Quartus Prime Version              ; 17.1.0 Build 590 10/25/2017 SJ Lite Edition ;
; Revision Name                      ; VGA_controller                              ;
; Top-level Entity Name              ; lcd_sync                                    ;
; Family                             ; Cyclone IV E                                ;
; Device                             ; EP4CE115F29C7                               ;
; Timing Models                      ; Final                                       ;
; Total logic elements               ; 41 / 114,480 ( < 1 % )                      ;
;     Total combinational functions  ; 41 / 114,480 ( < 1 % )                      ;
;     Dedicated logic registers      ; 21 / 114,480 ( < 1 % )                      ;
; Total registers                    ; 21                                          ;
; Total pins                         ; 28 / 529 ( 5 % )                            ;
; Total virtual pins                 ; 0                                           ;
; Total memory bits                  ; 0 / 3,981,312 ( 0 % )                       ;
; Embedded Multiplier 9-bit elements ; 0 / 532 ( 0 % )                             ;
; Total PLLs                         ; 1 / 4 ( 25 % )                              ;
+------------------------------------+---------------------------------------------+


+-----------------------------------------+
; Flow Settings                           ;
+-------------------+---------------------+
; Option            ; Setting             ;
+-------------------+---------------------+
; Start date & time ; 11/23/2021 18:18:57 ;
; Main task         ; Compilation         ;
; Revision Name     ; VGA_controller      ;
+-------------------+---------------------+


+--------------------------------------------------------------------------------------------------------------------------------+
; Flow Non-Default Global Settings                                                                                               ;
+--------------------------------------+----------------------------------------+----------------+-------------+-----------------+
; Assignment Name                      ; Value                                  ; Default Value  ; Entity Name ; Section Id      ;
+--------------------------------------+----------------------------------------+----------------+-------------+-----------------+
; COMPILER_SIGNATURE_ID                ; 260097671512790.163768793708560        ; --             ; --          ; --              ;
; EDA_DESIGN_INSTANCE_NAME             ; NA                                     ; --             ; --          ; lcd_sync_test   ;
; EDA_DESIGN_INSTANCE_NAME             ; NA                                     ; --             ; --          ; barras_lcd_test ;
; EDA_NATIVELINK_SIMULATION_TEST_BENCH ; lcd_sync_test                          ; --             ; --          ; eda_simulation  ;
; EDA_OUTPUT_DATA_FORMAT               ; Verilog Hdl                            ; --             ; --          ; eda_simulation  ;
; EDA_SIMULATION_TOOL                  ; ModelSim-Altera (Verilog)              ; <None>         ; --          ; --              ;
; EDA_TEST_BENCH_ENABLE_STATUS         ; TEST_BENCH_MODE                        ; --             ; --          ; eda_simulation  ;
; EDA_TEST_BENCH_FILE                  ; lcd_sync_test.v                        ; --             ; --          ; lcd_sync_test   ;
; EDA_TEST_BENCH_FILE                  ; barras_lcd_test.v                      ; --             ; --          ; barras_lcd_test ;
; EDA_TEST_BENCH_MODULE_NAME           ; lcd_sync_test                          ; --             ; --          ; lcd_sync_test   ;
; EDA_TEST_BENCH_MODULE_NAME           ; barras_lcd_test                        ; --             ; --          ; barras_lcd_test ;
; EDA_TEST_BENCH_NAME                  ; lcd_sync_test                          ; --             ; --          ; eda_simulation  ;
; EDA_TEST_BENCH_NAME                  ; barras_lcd_test                        ; --             ; --          ; eda_simulation  ;
; EDA_TIME_SCALE                       ; 1 ps                                   ; --             ; --          ; eda_simulation  ;
; MAX_CORE_JUNCTION_TEMP               ; 85                                     ; --             ; --          ; --              ;
; MIN_CORE_JUNCTION_TEMP               ; 0                                      ; --             ; --          ; --              ;
; MISC_FILE                            ; ROM_image_inst.v                       ; --             ; --          ; --              ;
; MISC_FILE                            ; ROM_image_bb.v                         ; --             ; --          ; --              ;
; MISC_FILE                            ; pll_ltm_inst.v                         ; --             ; --          ; --              ;
; MISC_FILE                            ; pll_ltm_bb.v                           ; --             ; --          ; --              ;
; MISC_FILE                            ; pll_ltm.ppf                            ; --             ; --          ; --              ;
; PARTITION_COLOR                      ; -- (Not supported for targeted family) ; --             ; lcd_sync    ; Top             ;
; PARTITION_FITTER_PRESERVATION_LEVEL  ; -- (Not supported for targeted family) ; --             ; lcd_sync    ; Top             ;
; PARTITION_NETLIST_TYPE               ; -- (Not supported for targeted family) ; --             ; lcd_sync    ; Top             ;
; POWER_BOARD_THERMAL_MODEL            ; None (CONSERVATIVE)                    ; --             ; --          ; --              ;
; POWER_PRESET_COOLING_SOLUTION        ; 23 MM HEAT SINK WITH 200 LFPM AIRFLOW  ; --             ; --          ; --              ;
; PROJECT_OUTPUT_DIRECTORY             ; output_files                           ; --             ; --          ; --              ;
; TOP_LEVEL_ENTITY                     ; lcd_sync                               ; VGA_controller ; --          ; --              ;
+--------------------------------------+----------------------------------------+----------------+-------------+-----------------+


+-------------------------------------------------------------------------------------------------------------------------------+
; Flow Elapsed Time                                                                                                             ;
+---------------------------+--------------+-------------------------+---------------------+------------------------------------+
; Module Name               ; Elapsed Time ; Average Processors Used ; Peak Virtual Memory ; Total CPU Time (on all processors) ;
+---------------------------+--------------+-------------------------+---------------------+------------------------------------+
; Analysis & Synthesis      ; 00:00:14     ; 1.0                     ; 4767 MB             ; 00:00:30                           ;
; Fitter                    ; 00:00:11     ; 1.0                     ; 5680 MB             ; 00:00:18                           ;
; Assembler                 ; 00:00:04     ; 1.0                     ; 4674 MB             ; 00:00:04                           ;
; TimeQuest Timing Analyzer ; 00:00:02     ; 1.0                     ; 4834 MB             ; 00:00:03                           ;
; EDA Netlist Writer        ; 00:00:02     ; 1.0                     ; 4646 MB             ; 00:00:01                           ;
; Total                     ; 00:00:33     ; --                      ; --                  ; 00:00:56                           ;
+---------------------------+--------------+-------------------------+---------------------+------------------------------------+


+-----------------------------------------------------------------------------------------+
; Flow OS Summary                                                                         ;
+---------------------------+------------------+------------+------------+----------------+
; Module Name               ; Machine Hostname ; OS Name    ; OS Version ; Processor type ;
+---------------------------+------------------+------------+------------+----------------+
; Analysis & Synthesis      ; LAPTOP-SPK378I9  ; Windows 10 ; 10.0       ; x86_64         ;
; Fitter                    ; LAPTOP-SPK378I9  ; Windows 10 ; 10.0       ; x86_64         ;
; Assembler                 ; LAPTOP-SPK378I9  ; Windows 10 ; 10.0       ; x86_64         ;
; TimeQuest Timing Analyzer ; LAPTOP-SPK378I9  ; Windows 10 ; 10.0       ; x86_64         ;
; EDA Netlist Writer        ; LAPTOP-SPK378I9  ; Windows 10 ; 10.0       ; x86_64         ;
+---------------------------+------------------+------------+------------+----------------+


------------
; Flow Log ;
------------
quartus_map --read_settings_files=on --write_settings_files=off VGA_controller -c VGA_controller
quartus_fit --read_settings_files=off --write_settings_files=off VGA_controller -c VGA_controller
quartus_asm --read_settings_files=off --write_settings_files=off VGA_controller -c VGA_controller
quartus_sta VGA_controller -c VGA_controller
quartus_eda --read_settings_files=off --write_settings_files=off VGA_controller -c VGA_controller



