Analysis & Synthesis report for fsm_light_game
Fri Oct 29 09:36:14 2021
Quartus Prime Version 17.1.0 Build 590 10/25/2017 SJ Lite Edition


---------------------
; Table of Contents ;
---------------------
  1. Legal Notice
  2. Analysis & Synthesis Summary
  3. Analysis & Synthesis Settings
  4. Parallel Compilation
  5. Analysis & Synthesis Source Files Read
  6. Analysis & Synthesis Resource Usage Summary
  7. Analysis & Synthesis Resource Utilization by Entity
  8. General Register Statistics
  9. Parameter Settings for User Entity Instance: Top-level Entity: |control_motor
 10. Post-Synthesis Netlist Statistics for Top Partition
 11. Elapsed Time Per Partition
 12. Analysis & Synthesis Messages



----------------
; Legal Notice ;
----------------
Copyright (C) 2017  Intel Corporation. All rights reserved.
Your use of Intel Corporation's design tools, logic functions 
and other software and tools, and its AMPP partner logic 
functions, and any output files from any of the foregoing 
(including device programming or simulation files), and any 
associated documentation or information are expressly subject 
to the terms and conditions of the Intel Program License 
Subscription Agreement, the Intel Quartus Prime License Agreement,
the Intel FPGA IP License Agreement, or other applicable license
agreement, including, without limitation, that your use is for
the sole purpose of programming logic devices manufactured by
Intel and sold by Intel or its authorized distributors.  Please
refer to the applicable agreement for further details.



+----------------------------------------------------------------------------------+
; Analysis & Synthesis Summary                                                     ;
+------------------------------------+---------------------------------------------+
; Analysis & Synthesis Status        ; Successful - Fri Oct 29 09:36:14 2021       ;
; Quartus Prime Version              ; 17.1.0 Build 590 10/25/2017 SJ Lite Edition ;
; Revision Name                      ; fsm_light_game                              ;
; Top-level Entity Name              ; control_motor                               ;
; Family                             ; Cyclone IV E                                ;
; Total logic elements               ; 1                                           ;
;     Total combinational functions  ; 1                                           ;
;     Dedicated logic registers      ; 1                                           ;
; Total registers                    ; 1                                           ;
; Total pins                         ; 11                                          ;
; Total virtual pins                 ; 0                                           ;
; Total memory bits                  ; 0                                           ;
; Embedded Multiplier 9-bit elements ; 0                                           ;
; Total PLLs                         ; 0                                           ;
+------------------------------------+---------------------------------------------+


+----------------------------------------------------------------------------------------------------------------------+
; Analysis & Synthesis Settings                                                                                        ;
+----------------------------------------------------------------------------+--------------------+--------------------+
; Option                                                                     ; Setting            ; Default Value      ;
+----------------------------------------------------------------------------+--------------------+--------------------+
; Device                                                                     ; EP4CE115F29C7      ;                    ;
; Top-level entity name                                                      ; control_motor      ; fsm_light_game     ;
; Family name                                                                ; Cyclone IV E       ; Cyclone V          ;
; Use smart compilation                                                      ; Off                ; Off                ;
; Enable parallel Assembler and TimeQuest Timing Analyzer during compilation ; On                 ; On                 ;
; Enable compact report table                                                ; Off                ; Off                ;
; Restructure Multiplexers                                                   ; Auto               ; Auto               ;
; Create Debugging Nodes for IP Cores                                        ; Off                ; Off                ;
; Preserve fewer node names                                                  ; On                 ; On                 ;
; Intel FPGA IP Evaluation Mode                                              ; Enable             ; Enable             ;
; Verilog Version                                                            ; Verilog_2001       ; Verilog_2001       ;
; VHDL Version                                                               ; VHDL_1993          ; VHDL_1993          ;
; State Machine Processing                                                   ; Auto               ; Auto               ;
; Safe State Machine                                                         ; Off                ; Off                ;
; Extract Verilog State Machines                                             ; On                 ; On                 ;
; Extract VHDL State Machines                                                ; On                 ; On                 ;
; Ignore Verilog initial constructs                                          ; Off                ; Off                ;
; Iteration limit for constant Verilog loops                                 ; 5000               ; 5000               ;
; Iteration limit for non-constant Verilog loops                             ; 250                ; 250                ;
; Add Pass-Through Logic to Inferred RAMs                                    ; On                 ; On                 ;
; Infer RAMs from Raw Logic                                                  ; On                 ; On                 ;
; Parallel Synthesis                                                         ; On                 ; On                 ;
; DSP Block Balancing                                                        ; Auto               ; Auto               ;
; NOT Gate Push-Back                                                         ; On                 ; On                 ;
; Power-Up Don't Care                                                        ; On                 ; On                 ;
; Remove Redundant Logic Cells                                               ; Off                ; Off                ;
; Remove Duplicate Registers                                                 ; On                 ; On                 ;
; Ignore CARRY Buffers                                                       ; Off                ; Off                ;
; Ignore CASCADE Buffers                                                     ; Off                ; Off                ;
; Ignore GLOBAL Buffers                                                      ; Off                ; Off                ;
; Ignore ROW GLOBAL Buffers                                                  ; Off                ; Off                ;
; Ignore LCELL Buffers                                                       ; Off                ; Off                ;
; Ignore SOFT Buffers                                                        ; On                 ; On                 ;
; Limit AHDL Integers to 32 Bits                                             ; Off                ; Off                ;
; Optimization Technique                                                     ; Balanced           ; Balanced           ;
; Carry Chain Length                                                         ; 70                 ; 70                 ;
; Auto Carry Chains                                                          ; On                 ; On                 ;
; Auto Open-Drain Pins                                                       ; On                 ; On                 ;
; Perform WYSIWYG Primitive Resynthesis                                      ; Off                ; Off                ;
; Auto ROM Replacement                                                       ; On                 ; On                 ;
; Auto RAM Replacement                                                       ; On                 ; On                 ;
; Auto DSP Block Replacement                                                 ; On                 ; On                 ;
; Auto Shift Register Replacement                                            ; Auto               ; Auto               ;
; Allow Shift Register Merging across Hierarchies                            ; Auto               ; Auto               ;
; Auto Clock Enable Replacement                                              ; On                 ; On                 ;
; Strict RAM Replacement                                                     ; Off                ; Off                ;
; Allow Synchronous Control Signals                                          ; On                 ; On                 ;
; Force Use of Synchronous Clear Signals                                     ; Off                ; Off                ;
; Auto RAM Block Balancing                                                   ; On                 ; On                 ;
; Auto RAM to Logic Cell Conversion                                          ; Off                ; Off                ;
; Auto Resource Sharing                                                      ; Off                ; Off                ;
; Allow Any RAM Size For Recognition                                         ; Off                ; Off                ;
; Allow Any ROM Size For Recognition                                         ; Off                ; Off                ;
; Allow Any Shift Register Size For Recognition                              ; Off                ; Off                ;
; Use LogicLock Constraints during Resource Balancing                        ; On                 ; On                 ;
; Ignore translate_off and synthesis_off directives                          ; Off                ; Off                ;
; Timing-Driven Synthesis                                                    ; On                 ; On                 ;
; Report Parameter Settings                                                  ; On                 ; On                 ;
; Report Source Assignments                                                  ; On                 ; On                 ;
; Report Connectivity Checks                                                 ; On                 ; On                 ;
; Ignore Maximum Fan-Out Assignments                                         ; Off                ; Off                ;
; Synchronization Register Chain Length                                      ; 2                  ; 2                  ;
; Power Optimization During Synthesis                                        ; Normal compilation ; Normal compilation ;
; HDL message level                                                          ; Level2             ; Level2             ;
; Suppress Register Optimization Related Messages                            ; Off                ; Off                ;
; Number of Removed Registers Reported in Synthesis Report                   ; 5000               ; 5000               ;
; Number of Swept Nodes Reported in Synthesis Report                         ; 5000               ; 5000               ;
; Number of Inverted Registers Reported in Synthesis Report                  ; 100                ; 100                ;
; Clock MUX Protection                                                       ; On                 ; On                 ;
; Auto Gated Clock Conversion                                                ; Off                ; Off                ;
; Block Design Naming                                                        ; Auto               ; Auto               ;
; SDC constraint protection                                                  ; Off                ; Off                ;
; Synthesis Effort                                                           ; Auto               ; Auto               ;
; Shift Register Replacement - Allow Asynchronous Clear Signal               ; On                 ; On                 ;
; Pre-Mapping Resynthesis Optimization                                       ; Off                ; Off                ;
; Analysis & Synthesis Message Level                                         ; Medium             ; Medium             ;
; Disable Register Merging Across Hierarchies                                ; Auto               ; Auto               ;
; Resource Aware Inference For Block RAM                                     ; On                 ; On                 ;
+----------------------------------------------------------------------------+--------------------+--------------------+


+------------------------------------------+
; Parallel Compilation                     ;
+----------------------------+-------------+
; Processors                 ; Number      ;
+----------------------------+-------------+
; Number detected on machine ; 8           ;
; Maximum allowed            ; 4           ;
;                            ;             ;
; Average used               ; 1.00        ;
; Maximum used               ; 4           ;
;                            ;             ;
; Usage by Processor         ; % Time Used ;
;     Processor 1            ; 100.0%      ;
;     Processors 2-4         ;   0.0%      ;
+----------------------------+-------------+


+------------------------------------------------------------------------------------------------------------------------------------------------------------------------------------------------------+
; Analysis & Synthesis Source Files Read                                                                                                                                                               ;
+----------------------------------+-----------------+------------------------+--------------------------------------------------------------------------------------------------------------+---------+
; File Name with User-Entered Path ; Used in Netlist ; File Type              ; File Name with Absolute Path                                                                                 ; Library ;
+----------------------------------+-----------------+------------------------+--------------------------------------------------------------------------------------------------------------+---------+
; control_motor.v                  ; yes             ; User Verilog HDL File  ; D:/Juan/Escritorio/Master/Cuatrimestre A/Sistemas Digitales Programables/sdp/juan_sdp/Tarea2/control_motor.v ;         ;
+----------------------------------+-----------------+------------------------+--------------------------------------------------------------------------------------------------------------+---------+


+-------------------------------------------------------------+
; Analysis & Synthesis Resource Usage Summary                 ;
+---------------------------------------------+---------------+
; Resource                                    ; Usage         ;
+---------------------------------------------+---------------+
; Estimated Total logic elements              ; 1             ;
;                                             ;               ;
; Total combinational functions               ; 1             ;
; Logic element usage by number of LUT inputs ;               ;
;     -- 4 input functions                    ; 0             ;
;     -- 3 input functions                    ; 1             ;
;     -- <=2 input functions                  ; 0             ;
;                                             ;               ;
; Logic elements by mode                      ;               ;
;     -- normal mode                          ; 1             ;
;     -- arithmetic mode                      ; 0             ;
;                                             ;               ;
; Total registers                             ; 1             ;
;     -- Dedicated logic registers            ; 1             ;
;     -- I/O registers                        ; 0             ;
;                                             ;               ;
; I/O pins                                    ; 11            ;
;                                             ;               ;
; Embedded Multiplier 9-bit elements          ; 0             ;
;                                             ;               ;
; Maximum fan-out node                        ; Estado_Actual ;
; Maximum fan-out                             ; 3             ;
; Total fan-out                               ; 19            ;
; Average fan-out                             ; 0.79          ;
+---------------------------------------------+---------------+


+------------------------------------------------------------------------------------------------------------------------------------------------------------------------------------------------------------+
; Analysis & Synthesis Resource Utilization by Entity                                                                                                                                                        ;
+----------------------------+---------------------+---------------------------+-------------+--------------+---------+-----------+------+--------------+---------------------+---------------+--------------+
; Compilation Hierarchy Node ; Combinational ALUTs ; Dedicated Logic Registers ; Memory Bits ; DSP Elements ; DSP 9x9 ; DSP 18x18 ; Pins ; Virtual Pins ; Full Hierarchy Name ; Entity Name   ; Library Name ;
+----------------------------+---------------------+---------------------------+-------------+--------------+---------+-----------+------+--------------+---------------------+---------------+--------------+
; |control_motor             ; 1 (1)               ; 1 (1)                     ; 0           ; 0            ; 0       ; 0         ; 11   ; 0            ; |control_motor      ; control_motor ; work         ;
+----------------------------+---------------------+---------------------------+-------------+--------------+---------+-----------+------+--------------+---------------------+---------------+--------------+
Note: For table entries with two numbers listed, the numbers in parentheses indicate the number of resources of the given type used by the specific entity alone. The numbers listed outside of parentheses indicate the total resources of the given type used by the specific entity and all of its sub-entities in the hierarchy.


+------------------------------------------------------+
; General Register Statistics                          ;
+----------------------------------------------+-------+
; Statistic                                    ; Value ;
+----------------------------------------------+-------+
; Total registers                              ; 1     ;
; Number of registers using Synchronous Clear  ; 0     ;
; Number of registers using Synchronous Load   ; 0     ;
; Number of registers using Asynchronous Clear ; 1     ;
; Number of registers using Asynchronous Load  ; 0     ;
; Number of registers using Clock Enable       ; 0     ;
; Number of registers using Preset             ; 0     ;
+----------------------------------------------+-------+


+-------------------------------------------------------------------------------+
; Parameter Settings for User Entity Instance: Top-level Entity: |control_motor ;
+----------------+-------+------------------------------------------------------+
; Parameter Name ; Value ; Type                                                 ;
+----------------+-------+------------------------------------------------------+
; S1             ; 000   ; Unsigned Binary                                      ;
; S2             ; 001   ; Unsigned Binary                                      ;
; S3             ; 010   ; Unsigned Binary                                      ;
; S4             ; 011   ; Unsigned Binary                                      ;
; S5             ; 100   ; Unsigned Binary                                      ;
; S6             ; 101   ; Unsigned Binary                                      ;
; S7             ; 110   ; Unsigned Binary                                      ;
; S8             ; 111   ; Unsigned Binary                                      ;
+----------------+-------+------------------------------------------------------+
Note: In order to hide this table in the UI and the text report file, please set the "Show Parameter Settings in Synthesis Report" option in "Analysis and Synthesis Settings -> More Settings" to "Off".


+-----------------------------------------------------+
; Post-Synthesis Netlist Statistics for Top Partition ;
+-----------------------+-----------------------------+
; Type                  ; Count                       ;
+-----------------------+-----------------------------+
; boundary_port         ; 11                          ;
; cycloneiii_ff         ; 1                           ;
;     CLR               ; 1                           ;
; cycloneiii_lcell_comb ; 4                           ;
;     normal            ; 4                           ;
;         0 data inputs ; 2                           ;
;         1 data inputs ; 1                           ;
;         3 data inputs ; 1                           ;
;                       ;                             ;
; Max LUT depth         ; 1.00                        ;
; Average LUT depth     ; 0.56                        ;
+-----------------------+-----------------------------+


+-------------------------------+
; Elapsed Time Per Partition    ;
+----------------+--------------+
; Partition Name ; Elapsed Time ;
+----------------+--------------+
; Top            ; 00:00:00     ;
+----------------+--------------+


+-------------------------------+
; Analysis & Synthesis Messages ;
+-------------------------------+
Info: *******************************************************************
Info: Running Quartus Prime Analysis & Synthesis
    Info: Version 17.1.0 Build 590 10/25/2017 SJ Lite Edition
    Info: Processing started: Fri Oct 29 09:36:00 2021
Info: Command: quartus_map --read_settings_files=on --write_settings_files=off fsm_light_game -c fsm_light_game
Warning (18236): Number of processors has not been specified which may cause overloading on shared machines.  Set the global assignment NUM_PARALLEL_PROCESSORS in your QSF to an appropriate value for best performance.
Info (20030): Parallel compilation is enabled and will use 4 of the 4 processors detected
Info (12021): Found 1 design units, including 1 entities, in source file control_motor.v
    Info (12023): Found entity 1: control_motor File: D:/Juan/Escritorio/Master/Cuatrimestre A/Sistemas Digitales Programables/sdp/juan_sdp/Tarea2/control_motor.v Line: 5
Info (12127): Elaborating entity "control_motor" for the top level hierarchy
Warning (10230): Verilog HDL assignment warning at control_motor.v(21): truncated value with size 3 to match size of target (1) File: D:/Juan/Escritorio/Master/Cuatrimestre A/Sistemas Digitales Programables/sdp/juan_sdp/Tarea2/control_motor.v Line: 21
Warning (10230): Verilog HDL assignment warning at control_motor.v(23): truncated value with size 3 to match size of target (1) File: D:/Juan/Escritorio/Master/Cuatrimestre A/Sistemas Digitales Programables/sdp/juan_sdp/Tarea2/control_motor.v Line: 23
Warning (10230): Verilog HDL assignment warning at control_motor.v(26): truncated value with size 3 to match size of target (1) File: D:/Juan/Escritorio/Master/Cuatrimestre A/Sistemas Digitales Programables/sdp/juan_sdp/Tarea2/control_motor.v Line: 26
Warning (10230): Verilog HDL assignment warning at control_motor.v(28): truncated value with size 3 to match size of target (1) File: D:/Juan/Escritorio/Master/Cuatrimestre A/Sistemas Digitales Programables/sdp/juan_sdp/Tarea2/control_motor.v Line: 28
Warning (10230): Verilog HDL assignment warning at control_motor.v(30): truncated value with size 3 to match size of target (1) File: D:/Juan/Escritorio/Master/Cuatrimestre A/Sistemas Digitales Programables/sdp/juan_sdp/Tarea2/control_motor.v Line: 30
Warning (10230): Verilog HDL assignment warning at control_motor.v(36): truncated value with size 3 to match size of target (1) File: D:/Juan/Escritorio/Master/Cuatrimestre A/Sistemas Digitales Programables/sdp/juan_sdp/Tarea2/control_motor.v Line: 36
Warning (10230): Verilog HDL assignment warning at control_motor.v(38): truncated value with size 3 to match size of target (1) File: D:/Juan/Escritorio/Master/Cuatrimestre A/Sistemas Digitales Programables/sdp/juan_sdp/Tarea2/control_motor.v Line: 38
Warning (10230): Verilog HDL assignment warning at control_motor.v(41): truncated value with size 3 to match size of target (1) File: D:/Juan/Escritorio/Master/Cuatrimestre A/Sistemas Digitales Programables/sdp/juan_sdp/Tarea2/control_motor.v Line: 41
Warning (10230): Verilog HDL assignment warning at control_motor.v(43): truncated value with size 3 to match size of target (1) File: D:/Juan/Escritorio/Master/Cuatrimestre A/Sistemas Digitales Programables/sdp/juan_sdp/Tarea2/control_motor.v Line: 43
Warning (10230): Verilog HDL assignment warning at control_motor.v(45): truncated value with size 3 to match size of target (1) File: D:/Juan/Escritorio/Master/Cuatrimestre A/Sistemas Digitales Programables/sdp/juan_sdp/Tarea2/control_motor.v Line: 45
Warning (10199): Verilog HDL Case Statement warning at control_motor.v(48): case item expression never matches the case expression File: D:/Juan/Escritorio/Master/Cuatrimestre A/Sistemas Digitales Programables/sdp/juan_sdp/Tarea2/control_motor.v Line: 48
Warning (10199): Verilog HDL Case Statement warning at control_motor.v(63): case item expression never matches the case expression File: D:/Juan/Escritorio/Master/Cuatrimestre A/Sistemas Digitales Programables/sdp/juan_sdp/Tarea2/control_motor.v Line: 63
Warning (10199): Verilog HDL Case Statement warning at control_motor.v(78): case item expression never matches the case expression File: D:/Juan/Escritorio/Master/Cuatrimestre A/Sistemas Digitales Programables/sdp/juan_sdp/Tarea2/control_motor.v Line: 78
Warning (10199): Verilog HDL Case Statement warning at control_motor.v(93): case item expression never matches the case expression File: D:/Juan/Escritorio/Master/Cuatrimestre A/Sistemas Digitales Programables/sdp/juan_sdp/Tarea2/control_motor.v Line: 93
Warning (10199): Verilog HDL Case Statement warning at control_motor.v(108): case item expression never matches the case expression File: D:/Juan/Escritorio/Master/Cuatrimestre A/Sistemas Digitales Programables/sdp/juan_sdp/Tarea2/control_motor.v Line: 108
Warning (10199): Verilog HDL Case Statement warning at control_motor.v(123): case item expression never matches the case expression File: D:/Juan/Escritorio/Master/Cuatrimestre A/Sistemas Digitales Programables/sdp/juan_sdp/Tarea2/control_motor.v Line: 123
Warning (10230): Verilog HDL assignment warning at control_motor.v(137): truncated value with size 3 to match size of target (1) File: D:/Juan/Escritorio/Master/Cuatrimestre A/Sistemas Digitales Programables/sdp/juan_sdp/Tarea2/control_motor.v Line: 137
Warning (10230): Verilog HDL assignment warning at control_motor.v(145): truncated value with size 3 to match size of target (1) File: D:/Juan/Escritorio/Master/Cuatrimestre A/Sistemas Digitales Programables/sdp/juan_sdp/Tarea2/control_motor.v Line: 145
Warning (10230): Verilog HDL assignment warning at control_motor.v(153): truncated value with size 32 to match size of target (1) File: D:/Juan/Escritorio/Master/Cuatrimestre A/Sistemas Digitales Programables/sdp/juan_sdp/Tarea2/control_motor.v Line: 153
Warning (10230): Verilog HDL assignment warning at control_motor.v(154): truncated value with size 32 to match size of target (1) File: D:/Juan/Escritorio/Master/Cuatrimestre A/Sistemas Digitales Programables/sdp/juan_sdp/Tarea2/control_motor.v Line: 154
Warning (10230): Verilog HDL assignment warning at control_motor.v(155): truncated value with size 32 to match size of target (1) File: D:/Juan/Escritorio/Master/Cuatrimestre A/Sistemas Digitales Programables/sdp/juan_sdp/Tarea2/control_motor.v Line: 155
Warning (10230): Verilog HDL assignment warning at control_motor.v(156): truncated value with size 32 to match size of target (1) File: D:/Juan/Escritorio/Master/Cuatrimestre A/Sistemas Digitales Programables/sdp/juan_sdp/Tarea2/control_motor.v Line: 156
Warning (10230): Verilog HDL assignment warning at control_motor.v(157): truncated value with size 32 to match size of target (1) File: D:/Juan/Escritorio/Master/Cuatrimestre A/Sistemas Digitales Programables/sdp/juan_sdp/Tarea2/control_motor.v Line: 157
Warning (10230): Verilog HDL assignment warning at control_motor.v(158): truncated value with size 32 to match size of target (1) File: D:/Juan/Escritorio/Master/Cuatrimestre A/Sistemas Digitales Programables/sdp/juan_sdp/Tarea2/control_motor.v Line: 158
Warning (13024): Output pins are stuck at VCC or GND
    Warning (13410): Pin "A" is stuck at GND File: D:/Juan/Escritorio/Master/Cuatrimestre A/Sistemas Digitales Programables/sdp/juan_sdp/Tarea2/control_motor.v Line: 7
    Warning (13410): Pin "C" is stuck at GND File: D:/Juan/Escritorio/Master/Cuatrimestre A/Sistemas Digitales Programables/sdp/juan_sdp/Tarea2/control_motor.v Line: 7
    Warning (13410): Pin "D" is stuck at VCC File: D:/Juan/Escritorio/Master/Cuatrimestre A/Sistemas Digitales Programables/sdp/juan_sdp/Tarea2/control_motor.v Line: 7
    Warning (13410): Pin "INH2" is stuck at VCC File: D:/Juan/Escritorio/Master/Cuatrimestre A/Sistemas Digitales Programables/sdp/juan_sdp/Tarea2/control_motor.v Line: 8
Info (286030): Timing-Driven Synthesis is running
Info (16010): Generating hard_block partition "hard_block:auto_generated_inst"
    Info (16011): Adding 0 node(s), including 0 DDIO, 0 PLL, 0 transceiver and 0 LCELL
Warning (21074): Design contains 1 input pin(s) that do not drive logic
    Warning (15610): No output dependent on input pin "UP_DOWN" File: D:/Juan/Escritorio/Master/Cuatrimestre A/Sistemas Digitales Programables/sdp/juan_sdp/Tarea2/control_motor.v Line: 6
Info (21057): Implemented 12 device resources after synthesis - the final resource count might be different
    Info (21058): Implemented 5 input pins
    Info (21059): Implemented 6 output pins
    Info (21061): Implemented 1 logic cells
Info: Quartus Prime Analysis & Synthesis was successful. 0 errors, 32 warnings
    Info: Peak virtual memory: 4761 megabytes
    Info: Processing ended: Fri Oct 29 09:36:14 2021
    Info: Elapsed time: 00:00:14
    Info: Total CPU time (on all processors): 00:00:32


